<?xml version='1.0' encoding='UTF-8'?>
<testsuite hostname="CAN-S000087" name="IntegrationTest" tests="1" errors="0" failures="1" time="8.998">
                <properties>
[...]
</properties>
                <testcase classname="IntegrationTest" name="test" time="8.998"> <failure message="&lt;'&lt;?xml version=&quot;1.0&quot; encoding=&quot;UTF-8&quot;?&gt;
&lt;html&gt;
  &lt;head&gt;
    &lt;title&gt;
      Bad request
    &lt;/title&gt;
    &lt;link rel=&quot;shortcut icon&quot; href=&quot;data:image/png;base64,iVBORw0KGgoAAAANSUhEUgAAABAAAAAQCAYAAAAf8/9hAAAAGXRFWHRTb2Z0d2FyZQBBZG9iZSBJbWFnZVJlYWR5ccllPAAAAlFJREFUeNqUU8tOFEEUPVVdNV3dPe8xYRBnjGhmBgKjKzCIiQvBoIaNbly5Z+PSv3Aj7DSiP2B0rwkLGVdGgxITSCRIJGSMEQWZR3eVt5sEFBgTb/dN1yvnnHtPNTPG4PqdHgCMXnPRSZrpSuH8vUJu4DE4rYHDGAZDX62BZttHqTiIayM3gGiXQsgYLEvATaqxU+dy1U13YXapXptpNHY8iwn8KyIAzm1KBdtRZWErpI5lEWTXp5Z/vHpZ3/wyKKwYGGOdAYwR0EZwoezTYApBEIObyELl/aE1/83cp40Pt5mxqCKrE4Ck+mVWKKcI5tA8BLEhRBKJLjez6a7MLq7XZtp+yyOawwCBtkiBVZDKzRk4NN7NQBMYPHiZDFhXY+p9ff7F961vVcnl4R5I2ykJ5XFN7Ab7Gc61VoipNBKF+PDyztu5lfrSLT/wIwCxq0CAGtXHZTzqR2jtwQiXONma6hHpj9sLT7YaPxfTXuZdBGA02Wi7FS48YiTfj+i2NhqtdhP5RC8mh2/Op7y0v6eAcWVLFT8D7kWX5S9mepp+C450MV6aWL1cGnvkxbwHtLW2B9AOkLeUd9KEDuh9fl/7CEj7YH5g+3r/lWfF9In7tPz6T4IIwBJOr1SJyIGQMZQbsh5P9uBq5VJtqHh2mo49pdw5WFoEwKWqWHacaWOjQXWGcifKo6vj5RGS6zykI587XeUIQDqJSmAp+lE4qt19W5P9o8+Lma5DcjsC8JiT607lMVkdqQ0Vyh3lHhmh52tfNy78ajXv0rgYzv8nfwswANuk+7sD/Q0aAAAAAElFTkSuQmCC&quot;/&gt;
    &lt;style&gt;
      
		    html, body, pre {
		        margin: 0;
		        padding: 0;
		        font-family: Monaco, 'Lucida Console', monospace;
		        background: #ECECEC;
		    }
		    h1 {
		        margin: 0;
		        background: #AD632A;
		        padding: 20px 45px;
		        color: #fff;
		        text-shadow: 1px 1px 1px rgba(0,0,0,.3);
		        border-bottom: 1px solid #9F5805;
		        font-size: 28px;
		    }
		    p#detail {
		        margin: 0;
		        padding: 15px 45px;
		        background: #F6A960;
		        border-top: 4px solid #D29052;
		        color: #733512;
		        text-shadow: 1px 1px 1px rgba(255,255,255,.3);
		        font-size: 14px;
		        border-bottom: 1px solid #BA7F5B;
		    }
		
    &lt;/style&gt;
  &lt;/head&gt;
  &lt;body&gt;
    &lt;h1&gt;
      Bad request
    &lt;/h1&gt;
    &lt;p id=&quot;detail&quot;&gt;
      
			For request 'GET /' [Missing parameter: name]
		
    &lt;/p&gt;
  &lt;/body&gt;
&lt;/html&gt;
'&gt; should contain the String:&lt;'Your new application is ready.'&gt;" type="sbt.ForkMain$ForkError">sbt.ForkMain$ForkError: &lt;'&lt;?xml version=&quot;1.0&quot; encoding=&quot;UTF-8&quot;?&gt;
&lt;html&gt;
  &lt;head&gt;
    &lt;title&gt;
      Bad request
    &lt;/title&gt;
    &lt;link rel=&quot;shortcut icon&quot; href=&quot;data:image/png;base64,iVBORw0KGgoAAAANSUhEUgAAABAAAAAQCAYAAAAf8/9hAAAAGXRFWHRTb2Z0d2FyZQBBZG9iZSBJbWFnZVJlYWR5ccllPAAAAlFJREFUeNqUU8tOFEEUPVVdNV3dPe8xYRBnjGhmBgKjKzCIiQvBoIaNbly5Z+PSv3Aj7DSiP2B0rwkLGVdGgxITSCRIJGSMEQWZR3eVt5sEFBgTb/dN1yvnnHtPNTPG4PqdHgCMXnPRSZrpSuH8vUJu4DE4rYHDGAZDX62BZttHqTiIayM3gGiXQsgYLEvATaqxU+dy1U13YXapXptpNHY8iwn8KyIAzm1KBdtRZWErpI5lEWTXp5Z/vHpZ3/wyKKwYGGOdAYwR0EZwoezTYApBEIObyELl/aE1/83cp40Pt5mxqCKrE4Ck+mVWKKcI5tA8BLEhRBKJLjez6a7MLq7XZtp+yyOawwCBtkiBVZDKzRk4NN7NQBMYPHiZDFhXY+p9ff7F961vVcnl4R5I2ykJ5XFN7Ab7Gc61VoipNBKF+PDyztu5lfrSLT/wIwCxq0CAGtXHZTzqR2jtwQiXONma6hHpj9sLT7YaPxfTXuZdBGA02Wi7FS48YiTfj+i2NhqtdhP5RC8mh2/Op7y0v6eAcWVLFT8D7kWX5S9mepp+C450MV6aWL1cGnvkxbwHtLW2B9AOkLeUd9KEDuh9fl/7CEj7YH5g+3r/lWfF9In7tPz6T4IIwBJOr1SJyIGQMZQbsh5P9uBq5VJtqHh2mo49pdw5WFoEwKWqWHacaWOjQXWGcifKo6vj5RGS6zykI587XeUIQDqJSmAp+lE4qt19W5P9o8+Lma5DcjsC8JiT607lMVkdqQ0Vyh3lHhmh52tfNy78ajXv0rgYzv8nfwswANuk+7sD/Q0aAAAAAElFTkSuQmCC&quot;/&gt;
    &lt;style&gt;
      
		    html, body, pre {
		        margin: 0;
		        padding: 0;
		        font-family: Monaco, 'Lucida Console', monospace;
		        background: #ECECEC;
		    }
		    h1 {
		        margin: 0;
		        background: #AD632A;
		        padding: 20px 45px;
		        color: #fff;
		        text-shadow: 1px 1px 1px rgba(0,0,0,.3);
		        border-bottom: 1px solid #9F5805;
		        font-size: 28px;
		    }
		    p#detail {
		        margin: 0;
		        padding: 15px 45px;
		        background: #F6A960;
		        border-top: 4px solid #D29052;
		        color: #733512;
		        text-shadow: 1px 1px 1px rgba(255,255,255,.3);
		        font-size: 14px;
		        border-bottom: 1px solid #BA7F5B;
		    }
		
    &lt;/style&gt;
  &lt;/head&gt;
  &lt;body&gt;
    &lt;h1&gt;
      Bad request
    &lt;/h1&gt;
    &lt;p id=&quot;detail&quot;&gt;
      
			For request 'GET /' [Missing parameter: name]
		
    &lt;/p&gt;
  &lt;/body&gt;
&lt;/html&gt;
'&gt; should contain the String:&lt;'Your new application is ready.'&gt;
	at org.fest.assertions.Fail.failure(Fail.java:228)
	at org.fest.assertions.Assert.failure(Assert.java:149)
	at org.fest.assertions.StringAssert.contains(StringAssert.java:73)
	at IntegrationTest$1.invoke(IntegrationTest.java:23)
	at IntegrationTest$1.invoke(IntegrationTest.java:20)
	at play.test.Helpers.running(Helpers.java:555)
	at play.test.Helpers.running(Helpers.java:541)
	at IntegrationTest.test(IntegrationTest.java:20)
	at sun.reflect.NativeMethodAccessorImpl.invoke0(Native Method)
	at sun.reflect.NativeMethodAccessorImpl.invoke(NativeMethodAccessorImpl.java:62)
	at sun.reflect.DelegatingMethodAccessorImpl.invoke(DelegatingMethodAccessorImpl.java:43)
	at java.lang.reflect.Method.invoke(Method.java:498)
	at org.junit.runners.model.FrameworkMethod$1.runReflectiveCall(FrameworkMethod.java:47)
	at org.junit.internal.runners.model.ReflectiveCallable.run(ReflectiveCallable.java:12)
	at org.junit.runners.model.FrameworkMethod.invokeExplosively(FrameworkMethod.java:44)
	at org.junit.internal.runners.statements.InvokeMethod.evaluate(InvokeMethod.java:17)
	at org.junit.runners.ParentRunner.runLeaf(ParentRunner.java:271)
	at org.junit.runners.BlockJUnit4ClassRunner.runChild(BlockJUnit4ClassRunner.java:70)
	at org.junit.runners.BlockJUnit4ClassRunner.runChild(BlockJUnit4ClassRunner.java:50)
	at org.junit.runners.ParentRunner$3.run(ParentRunner.java:238)
	at org.junit.runners.ParentRunner$1.schedule(ParentRunner.java:63)
	at org.junit.runners.ParentRunner.runChildren(ParentRunner.java:236)
	at org.junit.runners.ParentRunner.access$000(ParentRunner.java:53)
	at org.junit.runners.ParentRunner$2.evaluate(ParentRunner.java:229)
	at org.junit.runners.ParentRunner.run(ParentRunner.java:309)
	at org.junit.runners.Suite.runChild(Suite.java:127)
	at org.junit.runners.Suite.runChild(Suite.java:26)
	at org.junit.runners.ParentRunner$3.run(ParentRunner.java:238)
	at org.junit.runners.ParentRunner$1.schedule(ParentRunner.java:63)
	at org.junit.runners.ParentRunner.runChildren(ParentRunner.java:236)
	at org.junit.runners.ParentRunner.access$000(ParentRunner.java:53)
	at org.junit.runners.ParentRunner$2.evaluate(ParentRunner.java:229)
	at org.junit.runners.ParentRunner.run(ParentRunner.java:309)
	at org.junit.runner.JUnitCore.run(JUnitCore.java:160)
	at org.junit.runner.JUnitCore.run(JUnitCore.java:138)
	at com.novocode.junit.JUnitRunner$1.execute(JUnitRunner.java:125)
	at sbt.ForkMain$Run$2.call(ForkMain.java:294)
	at sbt.ForkMain$Run$2.call(ForkMain.java:284)
	at java.util.concurrent.FutureTask.run(FutureTask.java:266)
	at java.util.concurrent.ThreadPoolExecutor.runWorker(ThreadPoolExecutor.java:1142)
	at java.util.concurrent.ThreadPoolExecutor$Worker.run(ThreadPoolExecutor.java:617)
	at java.lang.Thread.run(Thread.java:745)
</failure>
                    </testcase>
                <system-out></system-out>
                <system-err></system-err>
                </testsuite>